<?xml version="1.0" encoding="utf-8"?><testsuites name="pytest tests"><testsuite name="pytest" errors="0" failures="1" skipped="0" tests="45" time="7.644" timestamp="2026-08-23T12:29:33.711158+00:00" hostname="agent-env-192f28eb-94ab-4d0b-b799-8869ca560a35"><testcase classname="backend.tests.test_spec_conformance" name="test_games_all_tips_are_spec_and_pass_all_filters" time="0.255" /><testcase classname="backend.tests.test_spec_conformance" name="test_sgp_returns_four_tickets_same_game_and_in_brackets" time="0.116" /><testcase classname="backend.tests.test_spec_conformance" name="test_mixed_parlay_different_games_and_in_brackets" time="0.288"><failure message="AssertionError: mixed parlay #2 has duplicate games: [('Roma', 'Lazio', 'Serie A'), ('Roma', 'Lazio', 'Serie A'), ('Roma', 'Lazio', 'Serie A'), ('Brighton', 'Fulham', 'Premier League')]&#10;assert 2 == 4&#10; +  where 2 = len({('Brighton', 'Fulham', 'Premier League'), ('Roma', 'Lazio', 'Serie A')})&#10; +    where {('Brighton', 'Fulham', 'Premier League'), ('Roma', 'Lazio', 'Serie A')} = set([('Roma', 'Lazio', 'Serie A'), ('Roma', 'Lazio', 'Serie A'), ('Roma', 'Lazio', 'Serie A'), ('Brighton', 'Fulham', 'Premier League')])&#10; +  and   4 = len([('Roma', 'Lazio', 'Serie A'), ('Roma', 'Lazio', 'Serie A'), ('Roma', 'Lazio', 'Serie A'), ('Brighton', 'Fulham', 'Premier League')])">backend/tests/test_spec_conformance.py:193: in test_mixed_parlay_different_games_and_in_brackets
    assert len(set(game_keys)) == len(game_keys), (
E   AssertionError: mixed parlay #2 has duplicate games: [('Roma', 'Lazio', 'Serie A'), ('Roma', 'Lazio', 'Serie A'), ('Roma', 'Lazio', 'Serie A'), ('Brighton', 'Fulham', 'Premier League')]
E   assert 2 == 4
E    +  where 2 = len({('Brighton', 'Fulham', 'Premier League'), ('Roma', 'Lazio', 'Serie A')})
E    +    where {('Brighton', 'Fulham', 'Premier League'), ('Roma', 'Lazio', 'Serie A')} = set([('Roma', 'Lazio', 'Serie A'), ('Roma', 'Lazio', 'Serie A'), ('Roma', 'Lazio', 'Serie A'), ('Brighton', 'Fulham', 'Premier League')])
E    +  and   4 = len([('Roma', 'Lazio', 'Serie A'), ('Roma', 'Lazio', 'Serie A'), ('Roma', 'Lazio', 'Serie A'), ('Brighton', 'Fulham', 'Premier League')])</failure></testcase><testcase classname="backend.tests.test_spec_conformance" name="test_dc_under_singles_use_dc_under_market" time="0.098" /><testcase classname="backend.tests.test_spec_conformance" name="test_dc_over_singles_use_dc_over_market" time="0.118" /><testcase classname="backend.tests.test_spec_conformance" name="test_ticket_machine_options" time="0.139" /><testcase classname="backend.tests.test_spec_conformance" name="test_ticket_machine_generate[value-over15]" time="0.156" /><testcase classname="backend.tests.test_spec_conformance" name="test_ticket_machine_generate[jackpot-all]" time="0.152" /><testcase classname="backend.tests.test_spec_conformance" name="test_ticket_machine_generate[high_risk-cards]" time="0.137" /><testcase classname="backend.tests.test_spec_conformance" name="test_admin_whatsapp_all_uses_spec_markets" time="0.237" /><testcase classname="backend.tests.test_spec_conformance" name="test_auth_register_and_login" time="0.922" /><testcase classname="backend.tests.test_okamoney_api" name="test_root" time="0.093" /><testcase classname="backend.tests.test_okamoney_api" name="test_api_health" time="0.041" /><testcase classname="backend.tests.test_okamoney_api.TestAuth" name="test_auth_check_unauth" time="0.044" /><testcase classname="backend.tests.test_okamoney_api.TestAuth" name="test_register_new_user" time="0.266" /><testcase classname="backend.tests.test_okamoney_api.TestAuth" name="test_register_duplicate_fails" time="0.043" /><testcase classname="backend.tests.test_okamoney_api.TestAuth" name="test_login_wrong_pw" time="0.484" /><testcase classname="backend.tests.test_okamoney_api.TestAuth" name="test_login_success" time="1.248" /><testcase classname="backend.tests.test_okamoney_api.TestAuth" name="test_me_with_token" time="0.046" /><testcase classname="backend.tests.test_okamoney_api.TestAuth" name="test_me_without_token" time="0.047" /><testcase classname="backend.tests.test_okamoney_api.TestAuth" name="test_auth_check_authed" time="0.042" /><testcase classname="backend.tests.test_okamoney_api.TestPicksGames" name="test_games" time="0.045" /><testcase classname="backend.tests.test_okamoney_api.TestPicksGames" name="test_picks" time="0.441" /><testcase classname="backend.tests.test_okamoney_api.TestPicksGames" name="test_yesterday_games" time="0.052" /><testcase classname="backend.tests.test_okamoney_api.TestPicksGames" name="test_accumulators" time="0.046" /><testcase classname="backend.tests.test_okamoney_api.TestPicksGames" name="test_sgp" time="0.054" /><testcase classname="backend.tests.test_okamoney_api.TestPicksGames" name="test_mixed_parlay" time="0.201" /><testcase classname="backend.tests.test_okamoney_api.TestPicksGames" name="test_dc_under" time="0.043" /><testcase classname="backend.tests.test_okamoney_api.TestPicksGames" name="test_dc_over" time="0.043" /><testcase classname="backend.tests.test_okamoney_api.TestPicksGames" name="test_markets" time="0.044" /><testcase classname="backend.tests.test_okamoney_api.TestWallet" name="test_wallet_balance" time="0.046" /><testcase classname="backend.tests.test_okamoney_api.TestWallet" name="test_wallet_packages" time="0.041" /><testcase classname="backend.tests.test_okamoney_api.TestWallet" name="test_wallet_purchase_and_balance" time="0.228" /><testcase classname="backend.tests.test_okamoney_api.TestWallet" name="test_check_daily_free" time="0.492" /><testcase classname="backend.tests.test_okamoney_api.TestWallet" name="test_wallet_transactions" time="0.043" /><testcase classname="backend.tests.test_okamoney_api.TestWhatsApp" name="test_status" time="0.042" /><testcase classname="backend.tests.test_okamoney_api.TestWhatsApp" name="test_subscriptions_list" time="0.046" /><testcase classname="backend.tests.test_okamoney_api.TestWhatsApp" name="test_admin_all_subscriptions" time="0.052" /><testcase classname="backend.tests.test_okamoney_api.TestWhatsAppTicketsGen" name="test_all_daily" time="0.171" /><testcase classname="backend.tests.test_okamoney_api.TestWhatsAppTicketsGen" name="test_build_a_bet" time="0.047" /><testcase classname="backend.tests.test_okamoney_api.TestWhatsAppTicketsGen" name="test_mixed_parlay" time="0.086" /><testcase classname="backend.tests.test_okamoney_api.TestWhatsAppTicketsGen" name="test_big_odds" time="0.087" /><testcase classname="backend.tests.test_okamoney_api.TestWhatsAppTicketsGen" name="test_mega_odds" time="0.085" /><testcase classname="backend.tests.test_okamoney_api.TestTicketMachine" name="test_options" time="0.044" /><testcase classname="backend.tests.test_okamoney_api.TestTicketMachine" name="test_generate" time="0.085" /></testsuite></testsuites>