<?xml version="1.0" encoding="utf-8"?><testsuites name="pytest tests"><testsuite name="pytest" errors="0" failures="0" skipped="0" tests="16" time="1.311" timestamp="2026-08-23T13:35:50.546670+00:00" hostname="agent-env-192f28eb-94ab-4d0b-b799-8869ca560a35"><testcase classname="backend.tests.test_results_tracker_api.TestPublicRecent" name="test_default_returns_3_days" time="0.286" /><testcase classname="backend.tests.test_results_tracker_api.TestPublicRecent" name="test_days_10_capped_to_3" time="0.065" /><testcase classname="backend.tests.test_results_tracker_api.TestPublicRecent" name="test_day_shape" time="0.059" /><testcase classname="backend.tests.test_results_tracker_api.TestPublicRecent" name="test_tip_has_odds_and_selection" time="0.056" /><testcase classname="backend.tests.test_results_tracker_api.TestPublicRecent" name="test_whatsapp_tickets_present_with_legs" time="0.065" /><testcase classname="backend.tests.test_results_tracker_api.TestAdminGating" name="test_stats_wrong_key_403" time="0.052" /><testcase classname="backend.tests.test_results_tracker_api.TestAdminGating" name="test_pending_wrong_key_403" time="0.042" /><testcase classname="backend.tests.test_results_tracker_api.TestAdminGating" name="test_settle_wrong_key_403" time="0.058" /><testcase classname="backend.tests.test_results_tracker_api.TestAdminGating" name="test_simulate_wrong_key_403" time="0.043" /><testcase classname="backend.tests.test_results_tracker_api.TestAdminStats" name="test_stats_30_days_shape" time="0.070" /><testcase classname="backend.tests.test_results_tracker_api.TestAdminStats" name="test_by_market_entry_shape" time="0.076" /><testcase classname="backend.tests.test_results_tracker_api.TestAdminPending" name="test_pending_flat_list_shape" time="0.046" /><testcase classname="backend.tests.test_results_tracker_api.TestAdminPending" name="test_pending_contains_whatsapp_surface" time="0.047" /><testcase classname="backend.tests.test_results_tracker_api.TestSimulateAndSettle" name="test_simulate_grades_pending" time="0.113" /><testcase classname="backend.tests.test_results_tracker_api.TestSimulateAndSettle" name="test_stats_reflect_settled" time="0.056" /><testcase classname="backend.tests.test_results_tracker_api.TestSimulateAndSettle" name="test_settle_manual_updates" time="0.139" /></testsuite></testsuites>